Arguments: 
  /opt/homebrew/Cellar/node@16/16.15.1/bin/node /Users/victorhugo/.yarn/releases/yarn-1.22.11.cjs add discordjs

PATH: 
  /opt/homebrew/opt/node@16/bin:/opt/homebrew/bin:/usr/local/bin:/usr/bin:/bin:/usr/sbin:/sbin:/Library/Apple/usr/bin:/Users/victorhugo/.fig/bin:/Users/victorhugo/.local/bin:/Applications/Visual Studio Code.app/Contents/Resources/app/bin:/Users/victorhugo/Library/Android/sdk/emulator:/Users/victorhugo/Library/Android/sdk/tools:/Users/victorhugo/Library/Android/sdk/tools/bin:/Users/victorhugo/Library/Android/sdk/platform-tools

Yarn version: 
  1.22.11

Node version: 
  16.15.1

Platform: 
  darwin arm64

Trace: 
  Error: https://registry.yarnpkg.com/discordjs: Not found
      at Request.params.callback [as _callback] (/Users/victorhugo/.yarn/releases/yarn-1.22.11.cjs:78522:18)
      at Request.self.callback (/Users/victorhugo/.yarn/releases/yarn-1.22.11.cjs:135174:22)
      at Request.emit (node:events:527:28)
      at Request.<anonymous> (/Users/victorhugo/.yarn/releases/yarn-1.22.11.cjs:136146:10)
      at Request.emit (node:events:527:28)
      at IncomingMessage.<anonymous> (/Users/victorhugo/.yarn/releases/yarn-1.22.11.cjs:136068:12)
      at Object.onceWrapper (node:events:641:28)
      at IncomingMessage.emit (node:events:539:35)
      at endReadableNT (node:internal/streams/readable:1345:12)
      at processTicksAndRejections (node:internal/process/task_queues:83:21)

npm manifest: 
  {
    "name": "major-time",
    "version": "1.0.0",
    "main": "index.js",
    "license": "MIT",
    "devDependencies": {
      "typescript": "^4.8.2"
    }
  }

yarn manifest: 
  No manifest

Lockfile: 
  # THIS IS AN AUTOGENERATED FILE. DO NOT EDIT THIS FILE DIRECTLY.
  # yarn lockfile v1
  
  
  typescript@^4.8.2:
    version "4.8.2"
    resolved "https://registry.yarnpkg.com/typescript/-/typescript-4.8.2.tgz#e3b33d5ccfb5914e4eeab6699cf208adee3fd790"
    integrity sha512-C0I1UsrrDHo2fYI5oaCGbSejwX4ch+9Y5jTQELvovfmFkK3HHSZJB8MSJcWLmCUBzQBchCrZ9rMRV6GuNrvGtw==
